<?xml version="1.0" encoding="UTF-8"?>
<!-- Generated by org.testng.reporters.JUnitReportReporter -->
<testsuite skipped="0" hostname="BS028993" name="com.mobiq.qaassignment.RegressionTest" tests="16" failures="0" timestamp="08 jun 2017 16:20:22 GMT" time="1.244" errors="0">
  <testcase name="AddToDoTask" time="0.089" classname="com.mobiq.qaassignment.RegressionTest"/>
  <testcase name="AddToDoTask" time="0.068" classname="com.mobiq.qaassignment.RegressionTest"/>
  <testcase name="AddToDoTask" time="0.069" classname="com.mobiq.qaassignment.RegressionTest"/>
  <testcase name="AddToDoTask" time="0.004" classname="com.mobiq.qaassignment.RegressionTest"/>
  <testcase name="AddToDoTask" time="0.079" classname="com.mobiq.qaassignment.RegressionTest"/>
  <testcase name="AddToDoTask" time="0.099" classname="com.mobiq.qaassignment.RegressionTest"/>
  <testcase name="AddToDoTask" time="0.068" classname="com.mobiq.qaassignment.RegressionTest"/>
  <testcase name="AddToDoTask" time="0.074" classname="com.mobiq.qaassignment.RegressionTest"/>
  <testcase name="AddToDoTask" time="0.148" classname="com.mobiq.qaassignment.RegressionTest"/>
  <testcase name="AddToDoTask" time="0.080" classname="com.mobiq.qaassignment.RegressionTest"/>
  <testcase name="AddToDoTask" time="0.088" classname="com.mobiq.qaassignment.RegressionTest"/>
  <testcase name="CountToDoTask" time="0.027" classname="com.mobiq.qaassignment.RegressionTest"/>
  <testcase name="MarkTaskCompleted" time="0.080" classname="com.mobiq.qaassignment.RegressionTest"/>
  <testcase name="ValidateRemainingTasksCount" time="0.055" classname="com.mobiq.qaassignment.RegressionTest"/>
  <testcase name="ValidateCompletedTasksCount" time="0.070" classname="com.mobiq.qaassignment.RegressionTest"/>
  <testcase name="DeleteCompletedTasks" time="0.146" classname="com.mobiq.qaassignment.RegressionTest"/>
</testsuite> <!-- com.mobiq.qaassignment.RegressionTest -->
